[2026/03/09 11:31:50 CST 018] [INFO][gohutool.docker4go.ui] (main.initEndpointFile:155) unix Docker Endpoint is attached
[2026/03/09 11:31:50 CST 019] [INFO][gohutool.docker4go.ui] (main.main:71) Database is load.
[2026/03/09 11:31:50 CST 020] [INFO][gohutool.docker4go.ui] (main.main:91) Start docker-ui-v1.0.0 now .... 
[2026/03/09 11:31:50 CST 020] [INFO][gohutool.docker4go.ui] (main.startHttpServer:319) Starting HTTP server on [::]:8999
[2026/03/09 11:54:30 CST 640] [INFO][gohutool.docker4go.ui] (main.initEndpointFile:155) unix Docker Endpoint is attached
[2026/03/09 11:54:30 CST 642] [INFO][gohutool.docker4go.ui] (main.main:71) Database is load.
[2026/03/09 11:54:30 CST 642] [INFO][gohutool.docker4go.ui] (main.main:91) Start docker-ui-v1.0.0 now .... 
[2026/03/09 11:54:30 CST 643] [INFO][gohutool.docker4go.ui] (main.startHttpServer:319) Starting HTTP server on [::]:8999
[2026/03/09 12:24:37 CST 633] [INFO][gohutool.docker4go.ui] (main.main:110) docker-ui-v1.0.0 is close
[2026/03/09 12:24:40 CST 983] [INFO][gohutool.docker4go.ui] (main.initEndpointFile:155) unix Docker Endpoint is attached
[2026/03/09 12:24:40 CST 984] [INFO][gohutool.docker4go.ui] (main.main:71) Database is load.
[2026/03/09 12:24:40 CST 985] [INFO][gohutool.docker4go.ui] (main.main:91) Start docker-ui-v1.0.0 now .... 
[2026/03/09 12:24:40 CST 985] [INFO][gohutool.docker4go.ui] (main.startHttpServer:319) Starting HTTP server on [::]:8999
[2026/03/09 12:36:13 CST 029] [INFO][gohutool.docker4go.ui] (main.main:110) docker-ui-v1.0.0 is close
[2026/03/09 12:36:16 CST 134] [INFO][gohutool.docker4go.ui] (main.initEndpointFile:155) unix Docker Endpoint is attached
[2026/03/09 12:36:16 CST 135] [INFO][gohutool.docker4go.ui] (main.main:71) Database is load.
[2026/03/09 12:36:16 CST 136] [INFO][gohutool.docker4go.ui] (main.main:91) Start docker-ui-v1.0.0 now .... 
[2026/03/09 12:36:16 CST 136] [INFO][gohutool.docker4go.ui] (main.startHttpServer:319) Starting HTTP server on [::]:8999
[2026/03/09 13:14:29 CST 284] [INFO][gohutool.docker4go.ui] (main.main:110) docker-ui-v1.0.0 is close
[2026/03/09 13:14:32 CST 128] [INFO][gohutool.docker4go.ui] (main.initEndpointFile:155) unix Docker Endpoint is attached
[2026/03/09 13:14:32 CST 130] [INFO][gohutool.docker4go.ui] (main.main:71) Database is load.
[2026/03/09 13:14:32 CST 130] [INFO][gohutool.docker4go.ui] (main.main:91) Start docker-ui-v1.0.0 now .... 
[2026/03/09 13:14:32 CST 131] [INFO][gohutool.docker4go.ui] (main.startHttpServer:319) Starting HTTP server on [::]:8999
